Release 8.2i - xst I.31
Copyright (c) 1995-2006 Xilinx, Inc.  All rights reserved.
--> Parameter TMPDIR set to ./xst/projnav.tmp
CPU : 0.00 / 0.25 s | Elapsed : 0.00 / 1.00 s
 
--> Parameter xsthdpdir set to ./xst
CPU : 0.00 / 0.25 s | Elapsed : 0.00 / 1.00 s
 
--> Reading design: graka.prj

TABLE OF CONTENTS
  1) Synthesis Options Summary
  2) HDL Compilation
  3) Design Hierarchy Analysis
  4) HDL Analysis
  5) HDL Synthesis
     5.1) HDL Synthesis Report
  6) Advanced HDL Synthesis
     6.1) Advanced HDL Synthesis Report
  7) Low Level Synthesis
  8) Partition Report
  9) Final Report

=========================================================================
*                      Synthesis Options Summary                        *
=========================================================================
---- Source Parameters
Input File Name                    : "graka.prj"
Input Format                       : mixed
Ignore Synthesis Constraint File   : NO

---- Target Parameters
Output File Name                   : "graka"
Output Format                      : NGC
Target Device                      : XC9500 CPLDs

---- Source Options
Top Module Name                    : graka
Automatic FSM Extraction           : YES
FSM Encoding Algorithm             : Auto
Mux Extraction                     : YES
Resource Sharing                   : YES

---- Target Options
Add IO Buffers                     : YES
MACRO Preserve                     : YES
XOR Preserve                       : YES
Equivalent register Removal        : YES

---- General Options
Optimization Goal                  : Speed
Optimization Effort                : 1
Keep Hierarchy                     : YES
RTL Output                         : Yes
Hierarchy Separator                : /
Bus Delimiter                      : <>
Case Specifier                     : maintain

---- Other Options
lso                                : graka.lso
verilog2001                        : YES
safe_implementation                : No
wysiwyg                            : NO

=========================================================================


=========================================================================
*                          HDL Compilation                              *
=========================================================================
WARNING:HDLParsers:3215 - Unit work/addrmux16 is now defined in a different file: was C:/Xilinxprg/Source_Xilinx_CPLD/AddrMux16.vhf, now is C:/Dokumente und Einstellungen/Besitzer/Desktop/Source_Xilinx_CPLD/AddrMux16.vhf
WARNING:HDLParsers:3215 - Unit work/addrmux16/BEHAVIORAL is now defined in a different file: was C:/Xilinxprg/Source_Xilinx_CPLD/AddrMux16.vhf, now is C:/Dokumente und Einstellungen/Besitzer/Desktop/Source_Xilinx_CPLD/AddrMux16.vhf
WARNING:HDLParsers:3215 - Unit work/FD_MXILINX_graka is now defined in a different file: was C:/Xilinxprg/Source_Xilinx_CPLD/GraKa.vhf, now is C:/Dokumente und Einstellungen/Besitzer/Desktop/Source_Xilinx_CPLD/GraKa.vhf
WARNING:HDLParsers:3215 - Unit work/FD_MXILINX_graka/BEHAVIORAL is now defined in a different file: was C:/Xilinxprg/Source_Xilinx_CPLD/GraKa.vhf, now is C:/Dokumente und Einstellungen/Besitzer/Desktop/Source_Xilinx_CPLD/GraKa.vhf
WARNING:HDLParsers:3215 - Unit work/FD8_MXILINX_graka is now defined in a different file: was C:/Xilinxprg/Source_Xilinx_CPLD/GraKa.vhf, now is C:/Dokumente und Einstellungen/Besitzer/Desktop/Source_Xilinx_CPLD/GraKa.vhf
WARNING:HDLParsers:3215 - Unit work/FD8_MXILINX_graka/BEHAVIORAL is now defined in a different file: was C:/Xilinxprg/Source_Xilinx_CPLD/GraKa.vhf, now is C:/Dokumente und Einstellungen/Besitzer/Desktop/Source_Xilinx_CPLD/GraKa.vhf
WARNING:HDLParsers:3215 - Unit work/BUFE8_MXILINX_graka is now defined in a different file: was C:/Xilinxprg/Source_Xilinx_CPLD/GraKa.vhf, now is C:/Dokumente und Einstellungen/Besitzer/Desktop/Source_Xilinx_CPLD/GraKa.vhf
WARNING:HDLParsers:3215 - Unit work/BUFE8_MXILINX_graka/BEHAVIORAL is now defined in a different file: was C:/Xilinxprg/Source_Xilinx_CPLD/GraKa.vhf, now is C:/Dokumente und Einstellungen/Besitzer/Desktop/Source_Xilinx_CPLD/GraKa.vhf
WARNING:HDLParsers:3215 - Unit work/FDC_MXILINX_graka is now defined in a different file: was C:/Xilinxprg/Source_Xilinx_CPLD/GraKa.vhf, now is C:/Dokumente und Einstellungen/Besitzer/Desktop/Source_Xilinx_CPLD/GraKa.vhf
WARNING:HDLParsers:3215 - Unit work/FDC_MXILINX_graka/BEHAVIORAL is now defined in a different file: was C:/Xilinxprg/Source_Xilinx_CPLD/GraKa.vhf, now is C:/Dokumente und Einstellungen/Besitzer/Desktop/Source_Xilinx_CPLD/GraKa.vhf
WARNING:HDLParsers:3215 - Unit work/FTCE_MXILINX_graka is now defined in a different file: was C:/Xilinxprg/Source_Xilinx_CPLD/GraKa.vhf, now is C:/Dokumente und Einstellungen/Besitzer/Desktop/Source_Xilinx_CPLD/GraKa.vhf
WARNING:HDLParsers:3215 - Unit work/FTCE_MXILINX_graka/BEHAVIORAL is now defined in a different file: was C:/Xilinxprg/Source_Xilinx_CPLD/GraKa.vhf, now is C:/Dokumente und Einstellungen/Besitzer/Desktop/Source_Xilinx_CPLD/GraKa.vhf
WARNING:HDLParsers:3215 - Unit work/CB4CE_MXILINX_graka is now defined in a different file: was C:/Xilinxprg/Source_Xilinx_CPLD/GraKa.vhf, now is C:/Dokumente und Einstellungen/Besitzer/Desktop/Source_Xilinx_CPLD/GraKa.vhf
WARNING:HDLParsers:3215 - Unit work/CB4CE_MXILINX_graka/BEHAVIORAL is now defined in a different file: was C:/Xilinxprg/Source_Xilinx_CPLD/GraKa.vhf, now is C:/Dokumente und Einstellungen/Besitzer/Desktop/Source_Xilinx_CPLD/GraKa.vhf
WARNING:HDLParsers:3215 - Unit work/D2_4E_MXILINX_graka is now defined in a different file: was C:/Xilinxprg/Source_Xilinx_CPLD/GraKa.vhf, now is C:/Dokumente und Einstellungen/Besitzer/Desktop/Source_Xilinx_CPLD/GraKa.vhf
WARNING:HDLParsers:3215 - Unit work/D2_4E_MXILINX_graka/BEHAVIORAL is now defined in a different file: was C:/Xilinxprg/Source_Xilinx_CPLD/GraKa.vhf, now is C:/Dokumente und Einstellungen/Besitzer/Desktop/Source_Xilinx_CPLD/GraKa.vhf
WARNING:HDLParsers:3215 - Unit work/graka is now defined in a different file: was C:/Xilinxprg/Source_Xilinx_CPLD/GraKa.vhf, now is C:/Dokumente und Einstellungen/Besitzer/Desktop/Source_Xilinx_CPLD/GraKa.vhf
WARNING:HDLParsers:3215 - Unit work/graka/BEHAVIORAL is now defined in a different file: was C:/Xilinxprg/Source_Xilinx_CPLD/GraKa.vhf, now is C:/Dokumente und Einstellungen/Besitzer/Desktop/Source_Xilinx_CPLD/GraKa.vhf
WARNING:HDLParsers:3215 - Unit work/FD_MXILINX_rgb_latch is now defined in a different file: was C:/Xilinxprg/Source_Xilinx_CPLD/rgb_latch.vhf, now is C:/Dokumente und Einstellungen/Besitzer/Desktop/Source_Xilinx_CPLD/rgb_latch.vhf
WARNING:HDLParsers:3215 - Unit work/FD_MXILINX_rgb_latch/BEHAVIORAL is now defined in a different file: was C:/Xilinxprg/Source_Xilinx_CPLD/rgb_latch.vhf, now is C:/Dokumente und Einstellungen/Besitzer/Desktop/Source_Xilinx_CPLD/rgb_latch.vhf
WARNING:HDLParsers:3215 - Unit work/OBUFE_MXILINX_rgb_latch is now defined in a different file: was C:/Xilinxprg/Source_Xilinx_CPLD/rgb_latch.vhf, now is C:/Dokumente und Einstellungen/Besitzer/Desktop/Source_Xilinx_CPLD/rgb_latch.vhf
WARNING:HDLParsers:3215 - Unit work/OBUFE_MXILINX_rgb_latch/BEHAVIORAL is now defined in a different file: was C:/Xilinxprg/Source_Xilinx_CPLD/rgb_latch.vhf, now is C:/Dokumente und Einstellungen/Besitzer/Desktop/Source_Xilinx_CPLD/rgb_latch.vhf
WARNING:HDLParsers:3215 - Unit work/rgb_latch is now defined in a different file: was C:/Xilinxprg/Source_Xilinx_CPLD/rgb_latch.vhf, now is C:/Dokumente und Einstellungen/Besitzer/Desktop/Source_Xilinx_CPLD/rgb_latch.vhf
WARNING:HDLParsers:3215 - Unit work/rgb_latch/BEHAVIORAL is now defined in a different file: was C:/Xilinxprg/Source_Xilinx_CPLD/rgb_latch.vhf, now is C:/Dokumente und Einstellungen/Besitzer/Desktop/Source_Xilinx_CPLD/rgb_latch.vhf
WARNING:HDLParsers:3215 - Unit work/M2_1_MXILINX_addrmux is now defined in a different file: was C:/Xilinxprg/Source_Xilinx_CPLD/ADDRMUX.vhf, now is C:/Dokumente und Einstellungen/Besitzer/Desktop/Source_Xilinx_CPLD/ADDRMUX.vhf
WARNING:HDLParsers:3215 - Unit work/M2_1_MXILINX_addrmux/BEHAVIORAL is now defined in a different file: was C:/Xilinxprg/Source_Xilinx_CPLD/ADDRMUX.vhf, now is C:/Dokumente und Einstellungen/Besitzer/Desktop/Source_Xilinx_CPLD/ADDRMUX.vhf
WARNING:HDLParsers:3215 - Unit work/addrmux is now defined in a different file: was C:/Xilinxprg/Source_Xilinx_CPLD/ADDRMUX.vhf, now is C:/Dokumente und Einstellungen/Besitzer/Desktop/Source_Xilinx_CPLD/ADDRMUX.vhf
WARNING:HDLParsers:3215 - Unit work/addrmux/BEHAVIORAL is now defined in a different file: was C:/Xilinxprg/Source_Xilinx_CPLD/ADDRMUX.vhf, now is C:/Dokumente und Einstellungen/Besitzer/Desktop/Source_Xilinx_CPLD/ADDRMUX.vhf
WARNING:HDLParsers:3215 - Unit work/FTCE_MXILINX_HVLogik is now defined in a different file: was C:/Xilinxprg/Source_Xilinx_CPLD/HVLogik.vhf, now is C:/Dokumente und Einstellungen/Besitzer/Desktop/Source_Xilinx_CPLD/HVLogik.vhf
WARNING:HDLParsers:3215 - Unit work/FTCE_MXILINX_HVLogik/BEHAVIORAL is now defined in a different file: was C:/Xilinxprg/Source_Xilinx_CPLD/HVLogik.vhf, now is C:/Dokumente und Einstellungen/Besitzer/Desktop/Source_Xilinx_CPLD/HVLogik.vhf
WARNING:HDLParsers:3215 - Unit work/CB8CE_MXILINX_HVLogik is now defined in a different file: was C:/Xilinxprg/Source_Xilinx_CPLD/HVLogik.vhf, now is C:/Dokumente und Einstellungen/Besitzer/Desktop/Source_Xilinx_CPLD/HVLogik.vhf
WARNING:HDLParsers:3215 - Unit work/CB8CE_MXILINX_HVLogik/BEHAVIORAL is now defined in a different file: was C:/Xilinxprg/Source_Xilinx_CPLD/HVLogik.vhf, now is C:/Dokumente und Einstellungen/Besitzer/Desktop/Source_Xilinx_CPLD/HVLogik.vhf
WARNING:HDLParsers:3215 - Unit work/HVLogik is now defined in a different file: was C:/Xilinxprg/Source_Xilinx_CPLD/HVLogik.vhf, now is C:/Dokumente und Einstellungen/Besitzer/Desktop/Source_Xilinx_CPLD/HVLogik.vhf
WARNING:HDLParsers:3215 - Unit work/HVLogik/BEHAVIORAL is now defined in a different file: was C:/Xilinxprg/Source_Xilinx_CPLD/HVLogik.vhf, now is C:/Dokumente und Einstellungen/Besitzer/Desktop/Source_Xilinx_CPLD/HVLogik.vhf
WARNING:HDLParsers:3215 - Unit work/AND8_MXILINX_hcounter is now defined in a different file: was C:/Xilinxprg/Source_Xilinx_CPLD/hcounter.vhf, now is C:/Dokumente und Einstellungen/Besitzer/Desktop/Source_Xilinx_CPLD/hcounter.vhf
WARNING:HDLParsers:3215 - Unit work/AND8_MXILINX_hcounter/BEHAVIORAL is now defined in a different file: was C:/Xilinxprg/Source_Xilinx_CPLD/hcounter.vhf, now is C:/Dokumente und Einstellungen/Besitzer/Desktop/Source_Xilinx_CPLD/hcounter.vhf
WARNING:HDLParsers:3215 - Unit work/BUF8_MXILINX_hcounter is now defined in a different file: was C:/Xilinxprg/Source_Xilinx_CPLD/hcounter.vhf, now is C:/Dokumente und Einstellungen/Besitzer/Desktop/Source_Xilinx_CPLD/hcounter.vhf
WARNING:HDLParsers:3215 - Unit work/BUF8_MXILINX_hcounter/BEHAVIORAL is now defined in a different file: was C:/Xilinxprg/Source_Xilinx_CPLD/hcounter.vhf, now is C:/Dokumente und Einstellungen/Besitzer/Desktop/Source_Xilinx_CPLD/hcounter.vhf
WARNING:HDLParsers:3215 - Unit work/FTCE_MXILINX_hcounter is now defined in a different file: was C:/Xilinxprg/Source_Xilinx_CPLD/hcounter.vhf, now is C:/Dokumente und Einstellungen/Besitzer/Desktop/Source_Xilinx_CPLD/hcounter.vhf
WARNING:HDLParsers:3215 - Unit work/FTCE_MXILINX_hcounter/BEHAVIORAL is now defined in a different file: was C:/Xilinxprg/Source_Xilinx_CPLD/hcounter.vhf, now is C:/Dokumente und Einstellungen/Besitzer/Desktop/Source_Xilinx_CPLD/hcounter.vhf
WARNING:HDLParsers:3215 - Unit work/CB16CE_MXILINX_hcounter is now defined in a different file: was C:/Xilinxprg/Source_Xilinx_CPLD/hcounter.vhf, now is C:/Dokumente und Einstellungen/Besitzer/Desktop/Source_Xilinx_CPLD/hcounter.vhf
WARNING:HDLParsers:3215 - Unit work/CB16CE_MXILINX_hcounter/BEHAVIORAL is now defined in a different file: was C:/Xilinxprg/Source_Xilinx_CPLD/hcounter.vhf, now is C:/Dokumente und Einstellungen/Besitzer/Desktop/Source_Xilinx_CPLD/hcounter.vhf
WARNING:HDLParsers:3215 - Unit work/hcounter is now defined in a different file: was C:/Xilinxprg/Source_Xilinx_CPLD/hcounter.vhf, now is C:/Dokumente und Einstellungen/Besitzer/Desktop/Source_Xilinx_CPLD/hcounter.vhf
WARNING:HDLParsers:3215 - Unit work/hcounter/BEHAVIORAL is now defined in a different file: was C:/Xilinxprg/Source_Xilinx_CPLD/hcounter.vhf, now is C:/Dokumente und Einstellungen/Besitzer/Desktop/Source_Xilinx_CPLD/hcounter.vhf
Compiling vhdl file "C:/Dokumente und Einstellungen/Besitzer/Desktop/Source_Xilinx_CPLD/hcounter.vhf" in Library work.
Entity <and8_mxilinx_hcounter> compiled.
Entity <and8_mxilinx_hcounter> (Architecture <behavioral>) compiled.
Entity <buf8_mxilinx_hcounter> compiled.
Entity <buf8_mxilinx_hcounter> (Architecture <behavioral>) compiled.
Entity <ftce_mxilinx_hcounter> compiled.
Entity <ftce_mxilinx_hcounter> (Architecture <behavioral>) compiled.
Entity <cb16ce_mxilinx_hcounter> compiled.
Entity <cb16ce_mxilinx_hcounter> (Architecture <behavioral>) compiled.
Entity <hcounter> compiled.
Entity <hcounter> (Architecture <behavioral>) compiled.
Compiling vhdl file "C:/Dokumente und Einstellungen/Besitzer/Desktop/Source_Xilinx_CPLD/ADDRMUX.vhf" in Library work.
Entity <m2_1_mxilinx_addrmux> compiled.
Entity <m2_1_mxilinx_addrmux> (Architecture <behavioral>) compiled.
Entity <addrmux> compiled.
Entity <addrmux> (Architecture <behavioral>) compiled.
Compiling vhdl file "C:/Dokumente und Einstellungen/Besitzer/Desktop/Source_Xilinx_CPLD/rgb_latch.vhf" in Library work.
Entity <fd_mxilinx_rgb_latch> compiled.
Entity <fd_mxilinx_rgb_latch> (Architecture <behavioral>) compiled.
Entity <obufe_mxilinx_rgb_latch> compiled.
Entity <obufe_mxilinx_rgb_latch> (Architecture <behavioral>) compiled.
Entity <rgb_latch> compiled.
Entity <rgb_latch> (Architecture <behavioral>) compiled.
Compiling vhdl file "C:/Dokumente und Einstellungen/Besitzer/Desktop/Source_Xilinx_CPLD/AddrMux16.vhf" in Library work.
Entity <addrmux16> compiled.
Entity <addrmux16> (Architecture <behavioral>) compiled.
Compiling vhdl file "C:/Dokumente und Einstellungen/Besitzer/Desktop/Source_Xilinx_CPLD/HVLogik.vhf" in Library work.
Entity <ftce_mxilinx_hvlogik> compiled.
Entity <ftce_mxilinx_hvlogik> (Architecture <behavioral>) compiled.
Entity <cb8ce_mxilinx_hvlogik> compiled.
Entity <cb8ce_mxilinx_hvlogik> (Architecture <behavioral>) compiled.
Entity <hvlogik> compiled.
Entity <hvlogik> (Architecture <behavioral>) compiled.
Compiling vhdl file "C:/Dokumente und Einstellungen/Besitzer/Desktop/Source_Xilinx_CPLD/GraKa.vhf" in Library work.
Entity <fd_mxilinx_graka> compiled.
Entity <fd_mxilinx_graka> (Architecture <behavioral>) compiled.
Entity <fd8_mxilinx_graka> compiled.
Entity <fd8_mxilinx_graka> (Architecture <behavioral>) compiled.
Entity <bufe8_mxilinx_graka> compiled.
Entity <bufe8_mxilinx_graka> (Architecture <behavioral>) compiled.
Entity <fdc_mxilinx_graka> compiled.
Entity <fdc_mxilinx_graka> (Architecture <behavioral>) compiled.
Entity <ftce_mxilinx_graka> compiled.
Entity <ftce_mxilinx_graka> (Architecture <behavioral>) compiled.
Entity <cb4ce_mxilinx_graka> compiled.
Entity <cb4ce_mxilinx_graka> (Architecture <behavioral>) compiled.
Entity <d2_4e_mxilinx_graka> compiled.
Entity <d2_4e_mxilinx_graka> (Architecture <behavioral>) compiled.
Entity <graka> compiled.
Entity <graka> (Architecture <behavioral>) compiled.

=========================================================================
*                     Design Hierarchy Analysis                         *
=========================================================================
Analyzing hierarchy for entity <graka> in library <work> (architecture <behavioral>).

Analyzing hierarchy for entity <rgb_latch> in library <work> (architecture <behavioral>).

Analyzing hierarchy for entity <D2_4E_MXILINX_graka> in library <work> (architecture <behavioral>).

Analyzing hierarchy for entity <addrmux16> in library <work> (architecture <behavioral>).

Analyzing hierarchy for entity <CB4CE_MXILINX_graka> in library <work> (architecture <behavioral>).

Analyzing hierarchy for entity <FDC_MXILINX_graka> in library <work> (architecture <behavioral>).

Analyzing hierarchy for entity <BUFE8_MXILINX_graka> in library <work> (architecture <behavioral>).

Analyzing hierarchy for entity <FD8_MXILINX_graka> in library <work> (architecture <behavioral>).

Analyzing hierarchy for entity <hvlogik> in library <work> (architecture <behavioral>).

Analyzing hierarchy for entity <OBUFE_MXILINX_rgb_latch> in library <work> (architecture <behavioral>).

Analyzing hierarchy for entity <FD_MXILINX_rgb_latch> in library <work> (architecture <behavioral>).

Analyzing hierarchy for entity <addrmux> in library <work> (architecture <behavioral>).

Analyzing hierarchy for entity <FTCE_MXILINX_graka> in library <work> (architecture <behavioral>).

Analyzing hierarchy for entity <FD_MXILINX_graka> in library <work> (architecture <behavioral>).

Analyzing hierarchy for entity <hcounter> in library <work> (architecture <behavioral>).

Analyzing hierarchy for entity <CB8CE_MXILINX_HVLogik> in library <work> (architecture <behavioral>).

Analyzing hierarchy for entity <M2_1_MXILINX_addrmux> in library <work> (architecture <behavioral>).

Analyzing hierarchy for entity <CB16CE_MXILINX_hcounter> in library <work> (architecture <behavioral>).

Analyzing hierarchy for entity <BUF8_MXILINX_hcounter> in library <work> (architecture <behavioral>).

Analyzing hierarchy for entity <AND8_MXILINX_hcounter> in library <work> (architecture <behavioral>).

Analyzing hierarchy for entity <FTCE_MXILINX_HVLogik> in library <work> (architecture <behavioral>).

Analyzing hierarchy for entity <FTCE_MXILINX_hcounter> in library <work> (architecture <behavioral>).

Building hierarchy successfully finished.

=========================================================================
*                            HDL Analysis                               *
=========================================================================
Analyzing Entity <graka> in library <work> (Architecture <behavioral>).
WARNING:Xst:753 - "C:/Dokumente und Einstellungen/Besitzer/Desktop/Source_Xilinx_CPLD/GraKa.vhf" line 657: Unconnected output port 'D3' of component 'D2_4E_MXILINX_graka'.
    Set user-defined property "HU_SET =  XLXI_44_13" for instance <XLXI_44> in unit <graka>.
    Set user-defined property "HU_SET =  XLXI_67_12" for instance <XLXI_67> in unit <graka>.
WARNING:Xst:753 - "C:/Dokumente und Einstellungen/Besitzer/Desktop/Source_Xilinx_CPLD/GraKa.vhf" line 690: Unconnected output port 'CEO' of component 'CB4CE_MXILINX_graka'.
WARNING:Xst:753 - "C:/Dokumente und Einstellungen/Besitzer/Desktop/Source_Xilinx_CPLD/GraKa.vhf" line 690: Unconnected output port 'Q3' of component 'CB4CE_MXILINX_graka'.
WARNING:Xst:753 - "C:/Dokumente und Einstellungen/Besitzer/Desktop/Source_Xilinx_CPLD/GraKa.vhf" line 690: Unconnected output port 'TC' of component 'CB4CE_MXILINX_graka'.
    Set user-defined property "HU_SET =  XLXI_99_14" for instance <XLXI_99> in unit <graka>.
    Set user-defined property "HU_SET =  XLXI_106_15" for instance <XLXI_106> in unit <graka>.
    Set user-defined property "HU_SET =  XLXI_109_16" for instance <XLXI_109> in unit <graka>.
    Set user-defined property "HU_SET =  XLXI_110_17" for instance <XLXI_110> in unit <graka>.
    Set user-defined property "HU_SET =  XLXI_111_18" for instance <XLXI_111> in unit <graka>.
Entity <graka> analyzed. Unit <graka> generated.

Analyzing Entity <rgb_latch> in library <work> (Architecture <behavioral>).
    Set user-defined property "HU_SET =  XLXI_1_0" for instance <XLXI_1> in unit <rgb_latch>.
    Set user-defined property "HU_SET =  XLXI_2_1" for instance <XLXI_2> in unit <rgb_latch>.
    Set user-defined property "HU_SET =  XLXI_3_5" for instance <XLXI_3> in unit <rgb_latch>.
    Set user-defined property "HU_SET =  XLXI_4_2" for instance <XLXI_4> in unit <rgb_latch>.
    Set user-defined property "HU_SET =  XLXI_5_3" for instance <XLXI_5> in unit <rgb_latch>.
    Set user-defined property "HU_SET =  XLXI_6_4" for instance <XLXI_6> in unit <rgb_latch>.
    Set user-defined property "HU_SET =  XLXI_25_6" for instance <XLXI_25> in unit <rgb_latch>.
    Set user-defined property "HU_SET =  XLXI_26_7" for instance <XLXI_26> in unit <rgb_latch>.
    Set user-defined property "HU_SET =  XLXI_27_8" for instance <XLXI_27> in unit <rgb_latch>.
    Set user-defined property "HU_SET =  XLXI_28_9" for instance <XLXI_28> in unit <rgb_latch>.
    Set user-defined property "HU_SET =  XLXI_29_10" for instance <XLXI_29> in unit <rgb_latch>.
    Set user-defined property "HU_SET =  XLXI_30_11" for instance <XLXI_30> in unit <rgb_latch>.
WARNING:Xst:753 - "C:/Dokumente und Einstellungen/Besitzer/Desktop/Source_Xilinx_CPLD/rgb_latch.vhf" line 216: Unconnected output port 'Q' of component 'FD_MXILINX_rgb_latch'.
    Set user-defined property "HU_SET =  XLXI_43_12" for instance <XLXI_43> in unit <rgb_latch>.
WARNING:Xst:753 - "C:/Dokumente und Einstellungen/Besitzer/Desktop/Source_Xilinx_CPLD/rgb_latch.vhf" line 221: Unconnected output port 'Q' of component 'FD_MXILINX_rgb_latch'.
    Set user-defined property "HU_SET =  XLXI_57_13" for instance <XLXI_57> in unit <rgb_latch>.
Entity <rgb_latch> analyzed. Unit <rgb_latch> generated.

Analyzing Entity <OBUFE_MXILINX_rgb_latch> in library <work> (Architecture <behavioral>).
Entity <OBUFE_MXILINX_rgb_latch> analyzed. Unit <OBUFE_MXILINX_rgb_latch> generated.

Analyzing Entity <FD_MXILINX_rgb_latch> in library <work> (Architecture <behavioral>).
Entity <FD_MXILINX_rgb_latch> analyzed. Unit <FD_MXILINX_rgb_latch> generated.

Analyzing Entity <D2_4E_MXILINX_graka> in library <work> (Architecture <behavioral>).
Entity <D2_4E_MXILINX_graka> analyzed. Unit <D2_4E_MXILINX_graka> generated.

Analyzing Entity <addrmux16> in library <work> (Architecture <behavioral>).
Entity <addrmux16> analyzed. Unit <addrmux16> generated.

Analyzing Entity <addrmux> in library <work> (Architecture <behavioral>).
    Set user-defined property "HU_SET =  XLXI_2_0" for instance <XLXI_2> in unit <addrmux>.
    Set user-defined property "HU_SET =  XLXI_3_1" for instance <XLXI_3> in unit <addrmux>.
    Set user-defined property "HU_SET =  XLXI_4_2" for instance <XLXI_4> in unit <addrmux>.
    Set user-defined property "HU_SET =  XLXI_5_3" for instance <XLXI_5> in unit <addrmux>.
    Set user-defined property "HU_SET =  XLXI_6_4" for instance <XLXI_6> in unit <addrmux>.
    Set user-defined property "HU_SET =  XLXI_7_5" for instance <XLXI_7> in unit <addrmux>.
    Set user-defined property "HU_SET =  XLXI_8_6" for instance <XLXI_8> in unit <addrmux>.
    Set user-defined property "HU_SET =  XLXI_9_7" for instance <XLXI_9> in unit <addrmux>.
Entity <addrmux> analyzed. Unit <addrmux> generated.

Analyzing Entity <M2_1_MXILINX_addrmux> in library <work> (Architecture <behavioral>).
Entity <M2_1_MXILINX_addrmux> analyzed. Unit <M2_1_MXILINX_addrmux> generated.

Analyzing Entity <CB4CE_MXILINX_graka> in library <work> (Architecture <behavioral>).
    Set user-defined property "HU_SET =  U0_8" for instance <U0> in unit <CB4CE_MXILINX_graka>.
    Set user-defined property "HU_SET =  U1_9" for instance <U1> in unit <CB4CE_MXILINX_graka>.
    Set user-defined property "HU_SET =  U2_10" for instance <U2> in unit <CB4CE_MXILINX_graka>.
    Set user-defined property "HU_SET =  U3_11" for instance <U3> in unit <CB4CE_MXILINX_graka>.
Entity <CB4CE_MXILINX_graka> analyzed. Unit <CB4CE_MXILINX_graka> generated.

Analyzing Entity <FTCE_MXILINX_graka> in library <work> (Architecture <behavioral>).
Entity <FTCE_MXILINX_graka> analyzed. Unit <FTCE_MXILINX_graka> generated.

Analyzing Entity <FDC_MXILINX_graka> in library <work> (Architecture <behavioral>).
Entity <FDC_MXILINX_graka> analyzed. Unit <FDC_MXILINX_graka> generated.

Analyzing Entity <BUFE8_MXILINX_graka> in library <work> (Architecture <behavioral>).
Entity <BUFE8_MXILINX_graka> analyzed. Unit <BUFE8_MXILINX_graka> generated.

Analyzing Entity <FD8_MXILINX_graka> in library <work> (Architecture <behavioral>).
    Set user-defined property "HU_SET =  Q0_4" for instance <Q0> in unit <FD8_MXILINX_graka>.
    Set user-defined property "HU_SET =  Q1_5" for instance <Q1> in unit <FD8_MXILINX_graka>.
    Set user-defined property "HU_SET =  Q2_6" for instance <Q2> in unit <FD8_MXILINX_graka>.
    Set user-defined property "HU_SET =  Q3_7" for instance <Q3> in unit <FD8_MXILINX_graka>.
    Set user-defined property "HU_SET =  Q4_2" for instance <Q4> in unit <FD8_MXILINX_graka>.
    Set user-defined property "HU_SET =  Q5_3" for instance <Q5> in unit <FD8_MXILINX_graka>.
    Set user-defined property "HU_SET =  Q6_1" for instance <Q6> in unit <FD8_MXILINX_graka>.
    Set user-defined property "HU_SET =  Q7_0" for instance <Q7> in unit <FD8_MXILINX_graka>.
Entity <FD8_MXILINX_graka> analyzed. Unit <FD8_MXILINX_graka> generated.

Analyzing Entity <FD_MXILINX_graka> in library <work> (Architecture <behavioral>).
Entity <FD_MXILINX_graka> analyzed. Unit <FD_MXILINX_graka> generated.

Analyzing Entity <hvlogik> in library <work> (Architecture <behavioral>).
WARNING:Xst:753 - "C:/Dokumente und Einstellungen/Besitzer/Desktop/Source_Xilinx_CPLD/HVLogik.vhf" line 367: Unconnected output port 'CEO' of component 'CB8CE_MXILINX_HVLogik'.
WARNING:Xst:753 - "C:/Dokumente und Einstellungen/Besitzer/Desktop/Source_Xilinx_CPLD/HVLogik.vhf" line 367: Unconnected output port 'TC' of component 'CB8CE_MXILINX_HVLogik'.
    Set user-defined property "HU_SET =  XLXI_131_8" for instance <XLXI_131> in unit <hvlogik>.
Entity <hvlogik> analyzed. Unit <hvlogik> generated.

Analyzing Entity <hcounter> in library <work> (Architecture <behavioral>).
WARNING:Xst:753 - "C:/Dokumente und Einstellungen/Besitzer/Desktop/Source_Xilinx_CPLD/hcounter.vhf" line 571: Unconnected output port 'CEO' of component 'CB16CE_MXILINX_hcounter'.
WARNING:Xst:753 - "C:/Dokumente und Einstellungen/Besitzer/Desktop/Source_Xilinx_CPLD/hcounter.vhf" line 571: Unconnected output port 'TC' of component 'CB16CE_MXILINX_hcounter'.
    Set user-defined property "HU_SET =  XLXI_1_16" for instance <XLXI_1> in unit <hcounter>.
    Set user-defined property "HU_SET =  XLXI_10_17" for instance <XLXI_10> in unit <hcounter>.
    Set user-defined property "HU_SET =  XLXI_13_18" for instance <XLXI_13> in unit <hcounter>.
Entity <hcounter> analyzed. Unit <hcounter> generated.

Analyzing Entity <CB16CE_MXILINX_hcounter> in library <work> (Architecture <behavioral>).
    Set user-defined property "HU_SET =  Q0_1" for instance <Q0> in unit <CB16CE_MXILINX_hcounter>.
    Set user-defined property "HU_SET =  Q1_0" for instance <Q1> in unit <CB16CE_MXILINX_hcounter>.
    Set user-defined property "HU_SET =  Q2_3" for instance <Q2> in unit <CB16CE_MXILINX_hcounter>.
    Set user-defined property "HU_SET =  Q3_2" for instance <Q3> in unit <CB16CE_MXILINX_hcounter>.
    Set user-defined property "HU_SET =  Q4_7" for instance <Q4> in unit <CB16CE_MXILINX_hcounter>.
    Set user-defined property "HU_SET =  Q5_6" for instance <Q5> in unit <CB16CE_MXILINX_hcounter>.
    Set user-defined property "HU_SET =  Q6_5" for instance <Q6> in unit <CB16CE_MXILINX_hcounter>.
    Set user-defined property "HU_SET =  Q7_4" for instance <Q7> in unit <CB16CE_MXILINX_hcounter>.
    Set user-defined property "HU_SET =  Q8_8" for instance <Q8> in unit <CB16CE_MXILINX_hcounter>.
    Set user-defined property "HU_SET =  Q9_9" for instance <Q9> in unit <CB16CE_MXILINX_hcounter>.
    Set user-defined property "HU_SET =  Q10_10" for instance <Q10> in unit <CB16CE_MXILINX_hcounter>.
    Set user-defined property "HU_SET =  Q11_11" for instance <Q11> in unit <CB16CE_MXILINX_hcounter>.
    Set user-defined property "HU_SET =  Q12_12" for instance <Q12> in unit <CB16CE_MXILINX_hcounter>.
    Set user-defined property "HU_SET =  Q13_13" for instance <Q13> in unit <CB16CE_MXILINX_hcounter>.
    Set user-defined property "HU_SET =  Q14_14" for instance <Q14> in unit <CB16CE_MXILINX_hcounter>.
    Set user-defined property "HU_SET =  Q15_15" for instance <Q15> in unit <CB16CE_MXILINX_hcounter>.
Entity <CB16CE_MXILINX_hcounter> analyzed. Unit <CB16CE_MXILINX_hcounter> generated.

Analyzing Entity <FTCE_MXILINX_hcounter> in library <work> (Architecture <behavioral>).
Entity <FTCE_MXILINX_hcounter> analyzed. Unit <FTCE_MXILINX_hcounter> generated.

Analyzing Entity <BUF8_MXILINX_hcounter> in library <work> (Architecture <behavioral>).
Entity <BUF8_MXILINX_hcounter> analyzed. Unit <BUF8_MXILINX_hcounter> generated.

Analyzing Entity <AND8_MXILINX_hcounter> in library <work> (Architecture <behavioral>).
Entity <AND8_MXILINX_hcounter> analyzed. Unit <AND8_MXILINX_hcounter> generated.

Analyzing Entity <CB8CE_MXILINX_HVLogik> in library <work> (Architecture <behavioral>).
    Set user-defined property "HU_SET =  Q0_6" for instance <Q0> in unit <CB8CE_MXILINX_HVLogik>.
    Set user-defined property "HU_SET =  Q1_7" for instance <Q1> in unit <CB8CE_MXILINX_HVLogik>.
    Set user-defined property "HU_SET =  Q2_3" for instance <Q2> in unit <CB8CE_MXILINX_HVLogik>.
    Set user-defined property "HU_SET =  Q3_4" for instance <Q3> in unit <CB8CE_MXILINX_HVLogik>.
    Set user-defined property "HU_SET =  Q4_5" for instance <Q4> in unit <CB8CE_MXILINX_HVLogik>.
    Set user-defined property "HU_SET =  Q5_2" for instance <Q5> in unit <CB8CE_MXILINX_HVLogik>.
    Set user-defined property "HU_SET =  Q6_1" for instance <Q6> in unit <CB8CE_MXILINX_HVLogik>.
    Set user-defined property "HU_SET =  Q7_0" for instance <Q7> in unit <CB8CE_MXILINX_HVLogik>.
Entity <CB8CE_MXILINX_HVLogik> analyzed. Unit <CB8CE_MXILINX_HVLogik> generated.

Analyzing Entity <FTCE_MXILINX_HVLogik> in library <work> (Architecture <behavioral>).
Entity <FTCE_MXILINX_HVLogik> analyzed. Unit <FTCE_MXILINX_HVLogik> generated.


=========================================================================
*                           HDL Synthesis                               *
=========================================================================

Performing bidirectional port resolution...

Synthesizing Unit <D2_4E_MXILINX_graka>.
    Related source file is "C:/Dokumente und Einstellungen/Besitzer/Desktop/Source_Xilinx_CPLD/GraKa.vhf".
Unit <D2_4E_MXILINX_graka> synthesized.


Synthesizing Unit <FDC_MXILINX_graka>.
    Related source file is "C:/Dokumente und Einstellungen/Besitzer/Desktop/Source_Xilinx_CPLD/GraKa.vhf".
Unit <FDC_MXILINX_graka> synthesized.


Synthesizing Unit <BUFE8_MXILINX_graka>.
    Related source file is "C:/Dokumente und Einstellungen/Besitzer/Desktop/Source_Xilinx_CPLD/GraKa.vhf".
Unit <BUFE8_MXILINX_graka> synthesized.


Synthesizing Unit <OBUFE_MXILINX_rgb_latch>.
    Related source file is "C:/Dokumente und Einstellungen/Besitzer/Desktop/Source_Xilinx_CPLD/rgb_latch.vhf".
Unit <OBUFE_MXILINX_rgb_latch> synthesized.


Synthesizing Unit <FD_MXILINX_rgb_latch>.
    Related source file is "C:/Dokumente und Einstellungen/Besitzer/Desktop/Source_Xilinx_CPLD/rgb_latch.vhf".
Unit <FD_MXILINX_rgb_latch> synthesized.


Synthesizing Unit <M2_1_MXILINX_addrmux>.
    Related source file is "C:/Dokumente und Einstellungen/Besitzer/Desktop/Source_Xilinx_CPLD/ADDRMUX.vhf".
Unit <M2_1_MXILINX_addrmux> synthesized.


Synthesizing Unit <FTCE_MXILINX_graka>.
    Related source file is "C:/Dokumente und Einstellungen/Besitzer/Desktop/Source_Xilinx_CPLD/GraKa.vhf".
Unit <FTCE_MXILINX_graka> synthesized.


Synthesizing Unit <FD_MXILINX_graka>.
    Related source file is "C:/Dokumente und Einstellungen/Besitzer/Desktop/Source_Xilinx_CPLD/GraKa.vhf".
Unit <FD_MXILINX_graka> synthesized.


Synthesizing Unit <BUF8_MXILINX_hcounter>.
    Related source file is "C:/Dokumente und Einstellungen/Besitzer/Desktop/Source_Xilinx_CPLD/hcounter.vhf".
Unit <BUF8_MXILINX_hcounter> synthesized.


Synthesizing Unit <AND8_MXILINX_hcounter>.
    Related source file is "C:/Dokumente und Einstellungen/Besitzer/Desktop/Source_Xilinx_CPLD/hcounter.vhf".
Unit <AND8_MXILINX_hcounter> synthesized.


Synthesizing Unit <FTCE_MXILINX_hcounter>.
    Related source file is "C:/Dokumente und Einstellungen/Besitzer/Desktop/Source_Xilinx_CPLD/hcounter.vhf".
Unit <FTCE_MXILINX_hcounter> synthesized.


Synthesizing Unit <FTCE_MXILINX_HVLogik>.
    Related source file is "C:/Dokumente und Einstellungen/Besitzer/Desktop/Source_Xilinx_CPLD/HVLogik.vhf".
Unit <FTCE_MXILINX_HVLogik> synthesized.


Synthesizing Unit <rgb_latch>.
    Related source file is "C:/Dokumente und Einstellungen/Besitzer/Desktop/Source_Xilinx_CPLD/rgb_latch.vhf".
Unit <rgb_latch> synthesized.


Synthesizing Unit <CB4CE_MXILINX_graka>.
    Related source file is "C:/Dokumente und Einstellungen/Besitzer/Desktop/Source_Xilinx_CPLD/GraKa.vhf".
Unit <CB4CE_MXILINX_graka> synthesized.


Synthesizing Unit <FD8_MXILINX_graka>.
    Related source file is "C:/Dokumente und Einstellungen/Besitzer/Desktop/Source_Xilinx_CPLD/GraKa.vhf".
Unit <FD8_MXILINX_graka> synthesized.


Synthesizing Unit <addrmux>.
    Related source file is "C:/Dokumente und Einstellungen/Besitzer/Desktop/Source_Xilinx_CPLD/ADDRMUX.vhf".
Unit <addrmux> synthesized.


Synthesizing Unit <CB8CE_MXILINX_HVLogik>.
    Related source file is "C:/Dokumente und Einstellungen/Besitzer/Desktop/Source_Xilinx_CPLD/HVLogik.vhf".
Unit <CB8CE_MXILINX_HVLogik> synthesized.


Synthesizing Unit <CB16CE_MXILINX_hcounter>.
    Related source file is "C:/Dokumente und Einstellungen/Besitzer/Desktop/Source_Xilinx_CPLD/hcounter.vhf".
Unit <CB16CE_MXILINX_hcounter> synthesized.


Synthesizing Unit <addrmux16>.
    Related source file is "C:/Dokumente und Einstellungen/Besitzer/Desktop/Source_Xilinx_CPLD/AddrMux16.vhf".
Unit <addrmux16> synthesized.


Synthesizing Unit <hcounter>.
    Related source file is "C:/Dokumente und Einstellungen/Besitzer/Desktop/Source_Xilinx_CPLD/hcounter.vhf".
WARNING:Xst:646 - Signal <XLXN_19<15:9>> is assigned but never used.
WARNING:Xst:646 - Signal <XLXN_19<0>> is assigned but never used.
Unit <hcounter> synthesized.


Synthesizing Unit <hvlogik>.
    Related source file is "C:/Dokumente und Einstellungen/Besitzer/Desktop/Source_Xilinx_CPLD/HVLogik.vhf".
Unit <hvlogik> synthesized.


Synthesizing Unit <graka>.
    Related source file is "C:/Dokumente und Einstellungen/Besitzer/Desktop/Source_Xilinx_CPLD/GraKa.vhf".
Unit <graka> synthesized.


=========================================================================
HDL Synthesis Report

Found no macro
=========================================================================

=========================================================================
*                       Advanced HDL Synthesis                          *
=========================================================================


=========================================================================
Advanced HDL Synthesis Report

Macro Statistics
# Registers                                            : 6
 Flip-Flops                                            : 6

=========================================================================

=========================================================================
*                         Low Level Synthesis                           *
=========================================================================
WARNING:Xst:1348 - Unit BUFE8_MXILINX_graka is merged (output interface has tristates)

Optimizing unit <graka> ...

Optimizing unit <D2_4E_MXILINX_graka> ...

Optimizing unit <FDC_MXILINX_graka> ...

Optimizing unit <hvlogik> ...

Optimizing unit <OBUFE_MXILINX_rgb_latch> ...

Optimizing unit <FD_MXILINX_rgb_latch> ...

Optimizing unit <M2_1_MXILINX_addrmux> ...

Optimizing unit <FTCE_MXILINX_graka> ...

Optimizing unit <FD_MXILINX_graka> ...

Optimizing unit <BUF8_MXILINX_hcounter> ...

Optimizing unit <AND8_MXILINX_hcounter> ...

Optimizing unit <FTCE_MXILINX_hcounter> ...

Optimizing unit <FTCE_MXILINX_HVLogik> ...

Optimizing unit <rgb_latch> ...

Optimizing unit <CB4CE_MXILINX_graka> ...

Optimizing unit <FD8_MXILINX_graka> ...

Optimizing unit <addrmux> ...

Optimizing unit <CB8CE_MXILINX_HVLogik> ...

Optimizing unit <CB16CE_MXILINX_hcounter> ...

Optimizing unit <addrmux16> ...

Optimizing unit <hcounter> ...

=========================================================================
*                          Partition Report                             *
=========================================================================

Partition Implementation Status
-------------------------------

  No Partitions were found in this design.

-------------------------------

=========================================================================
*                            Final Report                               *
=========================================================================
Final Results
RTL Top Level Output File Name     : graka.ngr
Top Level Output File Name         : graka
Output Format                      : NGC
Optimization Goal                  : Speed
Keep Hierarchy                     : YES
Target Technology                  : XC9500 CPLDs
Macro Preserve                     : YES
XOR Preserve                       : YES
wysiwyg                            : NO

Design Statistics
# IOs                              : 47

Cell Usage :
# BELS                             : 146
#      AND2                        : 27
#      AND3                        : 9
#      AND4                        : 9
#      AND5                        : 5
#      BUF                         : 8
#      GND                         : 27
#      INV                         : 9
#      OR2                         : 18
#      VCC                         : 6
#      XOR2                        : 28
# FlipFlops/Latches                : 53
#      FDCE                        : 28
#      FDCP                        : 25
# IO Buffers                       : 47
#      IBUF                        : 12
#      IOBUFE                      : 8
#      OBUF                        : 21
#      OBUFT                       : 6
# Others                           : 24
#      AND2B1                      : 16
#      AND3B1                      : 4
#      AND3B2                      : 2
#      NOR3                        : 2
=========================================================================
CPU : 5.91 / 6.17 s | Elapsed : 6.00 / 7.00 s
 
--> 

Total memory usage is 117308 kilobytes

Number of errors   :    0 (   0 filtered)
Number of warnings :   57 (   0 filtered)
Number of infos    :    0 (   0 filtered)

